  [1m[36m (2.1ms)[0m  [1mCREATE TABLE "schema_migrations" ("version" varchar NOT NULL) [0m
  [1m[35m (13.9ms)[0m  select sqlite_version(*)
  [1m[36m (2.2ms)[0m  [1mCREATE UNIQUE INDEX "unique_schema_migrations" ON "schema_migrations" ("version")[0m
  [1m[35mActiveRecord::SchemaMigration Load (0.2ms)[0m  SELECT "schema_migrations".* FROM "schema_migrations"
Migrating to CreateUsers (20141221023130)
  [1m[36m (0.2ms)[0m  [1mbegin transaction[0m
  [1m[35m (1.2ms)[0m  CREATE TABLE "users" ("id" INTEGER PRIMARY KEY AUTOINCREMENT NOT NULL, "name" varchar, "email" varchar, "created_at" datetime NOT NULL, "updated_at" datetime NOT NULL) 
  [1m[36mSQL (0.4ms)[0m  [1mINSERT INTO "schema_migrations" ("version") VALUES (?)[0m  [["version", "20141221023130"]]
  [1m[35m (1.5ms)[0m  commit transaction
  [1m[36mActiveRecord::SchemaMigration Load (0.1ms)[0m  [1mSELECT "schema_migrations".* FROM "schema_migrations"[0m


Started GET "/" for 127.0.0.1 at 2014-12-20 18:35:21 -0800
  [1m[36mActiveRecord::SchemaMigration Load (0.1ms)[0m  [1mSELECT "schema_migrations".* FROM "schema_migrations"[0m
Processing by Rails::WelcomeController#index as HTML
  Rendered /Library/Ruby/Gems/2.0.0/gems/railties-4.2.0.rc3/lib/rails/templates/rails/welcome/index.html.erb (1.7ms)
Completed 200 OK in 142ms (Views: 103.5ms | ActiveRecord: 0.0ms)


Started GET "/users/1" for ::1 at 2014-12-20 18:53:24 -0800
Processing by UsersController#show as HTML
  Parameters: {"id"=>"1"}
  [1m[35mUser Load (17.3ms)[0m  SELECT  "users".* FROM "users" WHERE "users"."id" = ? LIMIT 1  [["id", 1]]
Completed 404 Not Found in 105ms

ActiveRecord::RecordNotFound (Couldn't find User with 'id'=1):
  app/controllers/users_controller.rb:67:in `set_user'


  Rendered /Library/Ruby/Gems/2.0.0/gems/web-console-2.0.0.beta3/lib/action_dispatch/templates/rescues/_source.erb (11.2ms)
  Rendered /Library/Ruby/Gems/2.0.0/gems/web-console-2.0.0.beta3/lib/action_dispatch/templates/rescues/_trace.html.erb (2.7ms)
  Rendered /Library/Ruby/Gems/2.0.0/gems/web-console-2.0.0.beta3/lib/action_dispatch/templates/rescues/_request_and_response.html.erb (1.3ms)
  Rendered /Library/Ruby/Gems/2.0.0/gems/web-console-2.0.0.beta3/lib/action_dispatch/templates/rescues/_web_console.html.erb (0.9ms)
  Rendered /Library/Ruby/Gems/2.0.0/gems/web-console-2.0.0.beta3/lib/action_dispatch/templates/rescues/diagnostics.html.erb within rescues/layout (38.5ms)


Started PUT "/users/console/repl_sessions/1" for ::1 at 2014-12-20 18:53:35 -0800


Started PUT "/users/console/repl_sessions/1" for ::1 at 2014-12-20 18:53:40 -0800


Started PUT "/users/console/repl_sessions/1" for ::1 at 2014-12-20 18:53:45 -0800
  [1m[36mActiveRecord::SchemaMigration Load (0.4ms)[0m  [1mSELECT "schema_migrations".* FROM "schema_migrations"[0m
Migrating to CreateMicroposts (20141221041126)
  [1m[35m (0.2ms)[0m  begin transaction
  [1m[36m (0.9ms)[0m  [1mCREATE TABLE "microposts" ("id" INTEGER PRIMARY KEY AUTOINCREMENT NOT NULL, "content" text, "user_id" integer, "created_at" datetime NOT NULL, "updated_at" datetime NOT NULL) [0m
  [1m[35mSQL (14.9ms)[0m  INSERT INTO "schema_migrations" ("version") VALUES (?)  [["version", "20141221041126"]]
  [1m[36m (20.6ms)[0m  [1mcommit transaction[0m
  [1m[35mActiveRecord::SchemaMigration Load (0.1ms)[0m  SELECT "schema_migrations".* FROM "schema_migrations"


Started GET "/microposts" for 127.0.0.1 at 2014-12-20 20:47:59 -0800
  [1m[36mActiveRecord::SchemaMigration Load (0.1ms)[0m  [1mSELECT "schema_migrations".* FROM "schema_migrations"[0m
Processing by MicropostsController#index as HTML
  [1m[35mMicropost Load (0.2ms)[0m  SELECT "microposts".* FROM "microposts"
  Rendered microposts/index.html.erb within layouts/application (2.1ms)
Warning. Error encountered while saving cache 250d14fe488785ae3bdcc9e96a46961fbd0640fc/microposts.css.scssc: can't dump anonymous class #<Class:0x007f99c3f90e20>

Warning. Error encountered while saving cache 250d14fe488785ae3bdcc9e96a46961fbd0640fc/scaffolds.css.scssc: can't dump anonymous class #<Class:0x007f99c3f90e20>

Warning. Error encountered while saving cache 250d14fe488785ae3bdcc9e96a46961fbd0640fc/users.css.scssc: can't dump anonymous class #<Class:0x007f99c3f90e20>

Completed 200 OK in 1637ms (Views: 1633.4ms | ActiveRecord: 0.3ms)


Started GET "/assets/microposts-069e88c06b889877799890854d7f4c40.css?body=1" for 127.0.0.1 at 2014-12-20 20:48:01 -0800


Started GET "/assets/scaffolds-bc9b4389499bcb5a004f7bd04a660c0e.css?body=1" for 127.0.0.1 at 2014-12-20 20:48:01 -0800


Started GET "/assets/users-069e88c06b889877799890854d7f4c40.css?body=1" for 127.0.0.1 at 2014-12-20 20:48:01 -0800


Started GET "/assets/jquery-ea2706bc2d0586731b7c00ec2cd0a414.js?body=1" for 127.0.0.1 at 2014-12-20 20:48:01 -0800


Started GET "/assets/application-ac607368be27d92110998de5c9687dbe.css?body=1" for 127.0.0.1 at 2014-12-20 20:48:01 -0800


Started GET "/assets/jquery_ujs-29277b946c1d3754af13672bfec0c660.js?body=1" for 127.0.0.1 at 2014-12-20 20:48:01 -0800


Started GET "/assets/turbolinks-3a7cdb8630f3e86770867bd488a098e0.js?body=1" for 127.0.0.1 at 2014-12-20 20:48:01 -0800


Started GET "/assets/microposts-8f6eecd1178ef85964369ec66d33c4f1.js?body=1" for 127.0.0.1 at 2014-12-20 20:48:01 -0800


Started GET "/assets/users-8f6eecd1178ef85964369ec66d33c4f1.js?body=1" for 127.0.0.1 at 2014-12-20 20:48:01 -0800


Started GET "/assets/application-f654761ee6a5c52b970be60a1e79500a.js?body=1" for 127.0.0.1 at 2014-12-20 20:48:01 -0800


Started GET "/microposts/new" for 127.0.0.1 at 2014-12-20 20:48:04 -0800
Processing by MicropostsController#new as HTML
  Rendered microposts/_form.html.erb (119.5ms)
  Rendered microposts/new.html.erb within layouts/application (175.4ms)
Completed 200 OK in 250ms (Views: 245.3ms | ActiveRecord: 0.3ms)


Started POST "/microposts" for 127.0.0.1 at 2014-12-20 20:48:09 -0800
Processing by MicropostsController#create as HTML
  Parameters: {"utf8"=>"✓", "authenticity_token"=>"KIWE+o2IFW0uqNR522l3LgjQHKT9e/q3rrzDqtS1l04gaOajSTK292sngFYc4C4PIAGyQfBd1aOcOEVetDzWLQ==", "micropost"=>{"content"=>"Hello", "user_id"=>""}, "commit"=>"Create Micropost"}
  [1m[36m (0.1ms)[0m  [1mbegin transaction[0m
  [1m[35mSQL (0.4ms)[0m  INSERT INTO "microposts" ("content", "created_at", "updated_at") VALUES (?, ?, ?)  [["content", "Hello"], ["created_at", "2014-12-21 04:48:09.274034"], ["updated_at", "2014-12-21 04:48:09.274034"]]
  [1m[36m (1.1ms)[0m  [1mcommit transaction[0m
Redirected to http://127.0.0.1:3000/microposts/1
Completed 302 Found in 6ms (ActiveRecord: 1.7ms)


Started GET "/microposts/1" for 127.0.0.1 at 2014-12-20 20:48:09 -0800
Processing by MicropostsController#show as HTML
  Parameters: {"id"=>"1"}
  [1m[35mMicropost Load (0.2ms)[0m  SELECT  "microposts".* FROM "microposts" WHERE "microposts"."id" = ? LIMIT 1  [["id", 1]]
  Rendered microposts/show.html.erb within layouts/application (0.9ms)
Completed 200 OK in 126ms (Views: 124.5ms | ActiveRecord: 0.2ms)


Started GET "/microposts/1/edit" for 127.0.0.1 at 2014-12-20 20:48:11 -0800
Processing by MicropostsController#edit as HTML
  Parameters: {"id"=>"1"}
  [1m[36mMicropost Load (0.1ms)[0m  [1mSELECT  "microposts".* FROM "microposts" WHERE "microposts"."id" = ? LIMIT 1[0m  [["id", 1]]
  Rendered microposts/_form.html.erb (1.9ms)
  Rendered microposts/edit.html.erb within layouts/application (3.7ms)
Completed 200 OK in 137ms (Views: 135.4ms | ActiveRecord: 0.1ms)


Started PATCH "/microposts/1" for 127.0.0.1 at 2014-12-20 20:48:14 -0800
Processing by MicropostsController#update as HTML
  Parameters: {"utf8"=>"✓", "authenticity_token"=>"QXj2kl4PkVQ3bg0mFFSCO+dhqqjqKjOtGISp0Jb/I45JlZTLmrUyznLhWQnT3dsaz7AETecMHLkqAC8k9nZi7Q==", "micropost"=>{"content"=>"Hello", "user_id"=>""}, "commit"=>"Update Micropost", "id"=>"1"}
  [1m[35mMicropost Load (0.1ms)[0m  SELECT  "microposts".* FROM "microposts" WHERE "microposts"."id" = ? LIMIT 1  [["id", 1]]
  [1m[36m (0.1ms)[0m  [1mbegin transaction[0m
  [1m[35m (0.0ms)[0m  commit transaction
Redirected to http://127.0.0.1:3000/microposts/1
Completed 302 Found in 4ms (ActiveRecord: 0.3ms)


Started GET "/microposts/1" for 127.0.0.1 at 2014-12-20 20:48:14 -0800
Processing by MicropostsController#show as HTML
  Parameters: {"id"=>"1"}
  [1m[36mMicropost Load (0.1ms)[0m  [1mSELECT  "microposts".* FROM "microposts" WHERE "microposts"."id" = ? LIMIT 1[0m  [["id", 1]]
  Rendered microposts/show.html.erb within layouts/application (0.4ms)
Completed 200 OK in 77ms (Views: 75.5ms | ActiveRecord: 0.1ms)


Started GET "/microposts" for 127.0.0.1 at 2014-12-20 20:48:15 -0800
Processing by MicropostsController#index as HTML
  [1m[35mMicropost Load (0.2ms)[0m  SELECT "microposts".* FROM "microposts"
  Rendered microposts/index.html.erb within layouts/application (2.0ms)
Completed 200 OK in 128ms (Views: 127.1ms | ActiveRecord: 0.2ms)


Started GET "/users" for 127.0.0.1 at 2014-12-20 20:48:19 -0800
Processing by UsersController#index as HTML
  [1m[36mUser Load (0.2ms)[0m  [1mSELECT "users".* FROM "users"[0m
  Rendered users/index.html.erb within layouts/application (3.0ms)
Completed 200 OK in 126ms (Views: 123.4ms | ActiveRecord: 0.4ms)


Started GET "/users/new" for 127.0.0.1 at 2014-12-20 20:48:20 -0800
Processing by UsersController#new as HTML
  Rendered users/_form.html.erb (57.6ms)
  Rendered users/new.html.erb within layouts/application (60.0ms)
Completed 500 Internal Server Error in 65ms

ArgumentError (First argument in form cannot contain nil or be empty):
  app/views/users/_form.html.erb:1:in `_app_views_users__form_html_erb___900404559065812042_70149257824900'
  app/views/users/new.html.erb:3:in `_app_views_users_new_html_erb___3530524911381985107_70149257793360'


  Rendered /Library/Ruby/Gems/2.0.0/gems/web-console-2.0.0.beta3/lib/action_dispatch/templates/rescues/_source.erb (10.8ms)
  Rendered /Library/Ruby/Gems/2.0.0/gems/web-console-2.0.0.beta3/lib/action_dispatch/templates/rescues/_trace.html.erb (3.6ms)
  Rendered /Library/Ruby/Gems/2.0.0/gems/web-console-2.0.0.beta3/lib/action_dispatch/templates/rescues/_request_and_response.html.erb (0.9ms)
  Rendered /Library/Ruby/Gems/2.0.0/gems/web-console-2.0.0.beta3/lib/action_dispatch/templates/rescues/_web_console.html.erb (0.9ms)
  Rendered /Library/Ruby/Gems/2.0.0/gems/web-console-2.0.0.beta3/lib/action_dispatch/templates/rescues/diagnostics.html.erb within rescues/layout (38.2ms)


Started GET "/users/new" for 127.0.0.1 at 2014-12-20 20:48:20 -0800
Processing by UsersController#new as HTML
  Rendered users/_form.html.erb (2.7ms)
  Rendered users/new.html.erb within layouts/application (4.2ms)
Completed 500 Internal Server Error in 8ms

ArgumentError (First argument in form cannot contain nil or be empty):
  app/views/users/_form.html.erb:1:in `_app_views_users__form_html_erb___900404559065812042_70149203143020'
  app/views/users/new.html.erb:3:in `_app_views_users_new_html_erb___3530524911381985107_70149203111240'


  Rendered /Library/Ruby/Gems/2.0.0/gems/web-console-2.0.0.beta3/lib/action_dispatch/templates/rescues/_source.erb (15.4ms)
  Rendered /Library/Ruby/Gems/2.0.0/gems/web-console-2.0.0.beta3/lib/action_dispatch/templates/rescues/_trace.html.erb (3.4ms)
  Rendered /Library/Ruby/Gems/2.0.0/gems/web-console-2.0.0.beta3/lib/action_dispatch/templates/rescues/_request_and_response.html.erb (0.8ms)
  Rendered /Library/Ruby/Gems/2.0.0/gems/web-console-2.0.0.beta3/lib/action_dispatch/templates/rescues/_web_console.html.erb (0.8ms)
  Rendered /Library/Ruby/Gems/2.0.0/gems/web-console-2.0.0.beta3/lib/action_dispatch/templates/rescues/diagnostics.html.erb within rescues/layout (34.9ms)


Started GET "/users/new" for 127.0.0.1 at 2014-12-20 20:48:38 -0800
Processing by UsersController#new as HTML
  Rendered users/_form.html.erb (2.2ms)
  Rendered users/new.html.erb within layouts/application (3.5ms)
Completed 500 Internal Server Error in 7ms

ArgumentError (First argument in form cannot contain nil or be empty):
  app/views/users/_form.html.erb:1:in `_app_views_users__form_html_erb___900404559065812042_70149257824900'
  app/views/users/new.html.erb:3:in `_app_views_users_new_html_erb___3530524911381985107_70149257793360'


  Rendered /Library/Ruby/Gems/2.0.0/gems/web-console-2.0.0.beta3/lib/action_dispatch/templates/rescues/_source.erb (9.5ms)
  Rendered /Library/Ruby/Gems/2.0.0/gems/web-console-2.0.0.beta3/lib/action_dispatch/templates/rescues/_trace.html.erb (3.1ms)
  Rendered /Library/Ruby/Gems/2.0.0/gems/web-console-2.0.0.beta3/lib/action_dispatch/templates/rescues/_request_and_response.html.erb (0.8ms)
  Rendered /Library/Ruby/Gems/2.0.0/gems/web-console-2.0.0.beta3/lib/action_dispatch/templates/rescues/_web_console.html.erb (0.9ms)
  Rendered /Library/Ruby/Gems/2.0.0/gems/web-console-2.0.0.beta3/lib/action_dispatch/templates/rescues/diagnostics.html.erb within rescues/layout (80.7ms)


Started GET "/users/new" for 127.0.0.1 at 2014-12-20 20:48:39 -0800
Processing by UsersController#new as HTML
  Rendered users/_form.html.erb (2.0ms)
  Rendered users/new.html.erb within layouts/application (2.9ms)
Completed 500 Internal Server Error in 6ms

ArgumentError (First argument in form cannot contain nil or be empty):
  app/views/users/_form.html.erb:1:in `_app_views_users__form_html_erb___900404559065812042_70149203143020'
  app/views/users/new.html.erb:3:in `_app_views_users_new_html_erb___3530524911381985107_70149203111240'


  Rendered /Library/Ruby/Gems/2.0.0/gems/web-console-2.0.0.beta3/lib/action_dispatch/templates/rescues/_source.erb (10.0ms)
  Rendered /Library/Ruby/Gems/2.0.0/gems/web-console-2.0.0.beta3/lib/action_dispatch/templates/rescues/_trace.html.erb (3.3ms)
  Rendered /Library/Ruby/Gems/2.0.0/gems/web-console-2.0.0.beta3/lib/action_dispatch/templates/rescues/_request_and_response.html.erb (0.8ms)
  Rendered /Library/Ruby/Gems/2.0.0/gems/web-console-2.0.0.beta3/lib/action_dispatch/templates/rescues/_web_console.html.erb (0.8ms)
  Rendered /Library/Ruby/Gems/2.0.0/gems/web-console-2.0.0.beta3/lib/action_dispatch/templates/rescues/diagnostics.html.erb within rescues/layout (29.2ms)


Started DELETE "/microposts/1" for 127.0.0.1 at 2014-12-20 20:48:44 -0800
Processing by MicropostsController#destroy as HTML
  Parameters: {"authenticity_token"=>"CmUZCbDP+B2mTitWND2H876DhXJhBfxBMr+7DwVmRPICiHtQdHVbh+PBf3nztN7SllIrl2wj01UAOz37Ze8FkQ==", "id"=>"1"}
  [1m[35mMicropost Load (0.1ms)[0m  SELECT  "microposts".* FROM "microposts" WHERE "microposts"."id" = ? LIMIT 1  [["id", 1]]
  [1m[36m (0.1ms)[0m  [1mbegin transaction[0m
  [1m[35mSQL (0.3ms)[0m  DELETE FROM "microposts" WHERE "microposts"."id" = ?  [["id", 1]]
  [1m[36m (0.8ms)[0m  [1mcommit transaction[0m
Redirected to http://127.0.0.1:3000/microposts
Completed 302 Found in 4ms (ActiveRecord: 1.3ms)


Started GET "/microposts" for 127.0.0.1 at 2014-12-20 20:48:44 -0800
Processing by MicropostsController#index as HTML
  [1m[35mMicropost Load (0.2ms)[0m  SELECT "microposts".* FROM "microposts"
  Rendered microposts/index.html.erb within layouts/application (1.1ms)
Completed 200 OK in 128ms (Views: 127.5ms | ActiveRecord: 0.2ms)


Started GET "/microposts/new" for 127.0.0.1 at 2014-12-20 20:48:46 -0800
Processing by MicropostsController#new as HTML
  Rendered microposts/_form.html.erb (1.7ms)
  Rendered microposts/new.html.erb within layouts/application (3.2ms)
Completed 200 OK in 77ms (Views: 76.0ms | ActiveRecord: 0.0ms)


Started POST "/microposts" for 127.0.0.1 at 2014-12-20 20:48:59 -0800
Processing by MicropostsController#create as HTML
  Parameters: {"utf8"=>"✓", "authenticity_token"=>"Fdc6z5PtFV78kTs60hOywn9fxtccSEB7Pzwsn7jaeXYdOliWV1e2xLkebxUVmuvjV45oMhFub28NuKpr2FM4FQ==", "micropost"=>{"content"=>"Spivey", "user_id"=>"1"}, "commit"=>"Create Micropost"}
  [1m[36m (0.1ms)[0m  [1mbegin transaction[0m
  [1m[35mSQL (0.4ms)[0m  INSERT INTO "microposts" ("content", "user_id", "created_at", "updated_at") VALUES (?, ?, ?, ?)  [["content", "Spivey"], ["user_id", 1], ["created_at", "2014-12-21 04:48:59.175293"], ["updated_at", "2014-12-21 04:48:59.175293"]]
  [1m[36m (1.3ms)[0m  [1mcommit transaction[0m
Redirected to http://127.0.0.1:3000/microposts/2
Completed 302 Found in 5ms (ActiveRecord: 1.8ms)


Started GET "/microposts/2" for 127.0.0.1 at 2014-12-20 20:48:59 -0800
Processing by MicropostsController#show as HTML
  Parameters: {"id"=>"2"}
  [1m[35mMicropost Load (0.2ms)[0m  SELECT  "microposts".* FROM "microposts" WHERE "microposts"."id" = ? LIMIT 1  [["id", 2]]
  Rendered microposts/show.html.erb within layouts/application (0.4ms)
Completed 200 OK in 72ms (Views: 70.4ms | ActiveRecord: 0.2ms)


Started GET "/microposts" for 127.0.0.1 at 2014-12-20 20:49:03 -0800
Processing by MicropostsController#index as HTML
  [1m[36mMicropost Load (0.2ms)[0m  [1mSELECT "microposts".* FROM "microposts"[0m
  Rendered microposts/index.html.erb within layouts/application (1.1ms)
Completed 200 OK in 117ms (Views: 116.2ms | ActiveRecord: 0.2ms)


Started GET "/microposts/new" for 127.0.0.1 at 2014-12-20 20:49:04 -0800
Processing by MicropostsController#new as HTML
  Rendered microposts/_form.html.erb (3.0ms)
  Rendered microposts/new.html.erb within layouts/application (4.4ms)
Completed 200 OK in 84ms (Views: 83.5ms | ActiveRecord: 0.0ms)


Started POST "/microposts" for 127.0.0.1 at 2014-12-20 20:49:08 -0800
Processing by MicropostsController#create as HTML
  Parameters: {"utf8"=>"✓", "authenticity_token"=>"abwStpp1K4qo9OAy3DwHAtpQaYcrKFc/FGUbNWzwqBJhUXDvXs+IEO17tB0btV4j8oHHYiYOeCsm4Z3BDHnpcQ==", "micropost"=>{"content"=>"Henry", "user_id"=>"2"}, "commit"=>"Create Micropost"}
  [1m[35m (0.1ms)[0m  begin transaction
  [1m[36mSQL (0.3ms)[0m  [1mINSERT INTO "microposts" ("content", "user_id", "created_at", "updated_at") VALUES (?, ?, ?, ?)[0m  [["content", "Henry"], ["user_id", 2], ["created_at", "2014-12-21 04:49:08.323899"], ["updated_at", "2014-12-21 04:49:08.323899"]]
  [1m[35m (5.8ms)[0m  commit transaction
Redirected to http://127.0.0.1:3000/microposts/3
Completed 302 Found in 9ms (ActiveRecord: 6.2ms)


Started GET "/microposts/3" for 127.0.0.1 at 2014-12-20 20:49:08 -0800
Processing by MicropostsController#show as HTML
  Parameters: {"id"=>"3"}
  [1m[36mMicropost Load (0.2ms)[0m  [1mSELECT  "microposts".* FROM "microposts" WHERE "microposts"."id" = ? LIMIT 1[0m  [["id", 3]]
  Rendered microposts/show.html.erb within layouts/application (0.4ms)
Completed 200 OK in 134ms (Views: 132.7ms | ActiveRecord: 0.2ms)


Started GET "/microposts" for 127.0.0.1 at 2014-12-20 20:49:10 -0800
Processing by MicropostsController#index as HTML
  [1m[35mMicropost Load (0.2ms)[0m  SELECT "microposts".* FROM "microposts"
  Rendered microposts/index.html.erb within layouts/application (1.9ms)
Completed 200 OK in 76ms (Views: 75.4ms | ActiveRecord: 0.2ms)


Started GET "/microposts" for 127.0.0.1 at 2014-12-20 20:58:26 -0800
Processing by MicropostsController#index as HTML
  [1m[36mMicropost Load (9.8ms)[0m  [1mSELECT "microposts".* FROM "microposts"[0m
  Rendered microposts/index.html.erb within layouts/application (19.7ms)
Completed 200 OK in 159ms (Views: 106.3ms | ActiveRecord: 10.3ms)


Started GET "/assets/microposts-069e88c06b889877799890854d7f4c40.css?body=1" for 127.0.0.1 at 2014-12-20 20:58:26 -0800


Started GET "/assets/scaffolds-bc9b4389499bcb5a004f7bd04a660c0e.css?body=1" for 127.0.0.1 at 2014-12-20 20:58:26 -0800


Started GET "/assets/application-ac607368be27d92110998de5c9687dbe.css?body=1" for 127.0.0.1 at 2014-12-20 20:58:26 -0800


Started GET "/assets/users-069e88c06b889877799890854d7f4c40.css?body=1" for 127.0.0.1 at 2014-12-20 20:58:26 -0800


Started GET "/assets/jquery-ea2706bc2d0586731b7c00ec2cd0a414.js?body=1" for 127.0.0.1 at 2014-12-20 20:58:26 -0800


Started GET "/assets/turbolinks-3a7cdb8630f3e86770867bd488a098e0.js?body=1" for 127.0.0.1 at 2014-12-20 20:58:26 -0800


Started GET "/assets/microposts-8f6eecd1178ef85964369ec66d33c4f1.js?body=1" for 127.0.0.1 at 2014-12-20 20:58:26 -0800


Started GET "/assets/jquery_ujs-29277b946c1d3754af13672bfec0c660.js?body=1" for 127.0.0.1 at 2014-12-20 20:58:26 -0800


Started GET "/assets/application-f654761ee6a5c52b970be60a1e79500a.js?body=1" for 127.0.0.1 at 2014-12-20 20:58:26 -0800


Started GET "/assets/users-8f6eecd1178ef85964369ec66d33c4f1.js?body=1" for 127.0.0.1 at 2014-12-20 20:58:26 -0800


Started GET "/microposts/2/edit" for 127.0.0.1 at 2014-12-20 20:58:28 -0800
Processing by MicropostsController#edit as HTML
  Parameters: {"id"=>"2"}
  [1m[35mMicropost Load (0.2ms)[0m  SELECT  "microposts".* FROM "microposts" WHERE "microposts"."id" = ? LIMIT 1  [["id", 2]]
  Rendered microposts/_form.html.erb (1.8ms)
  Rendered microposts/edit.html.erb within layouts/application (3.3ms)
Completed 200 OK in 141ms (Views: 139.2ms | ActiveRecord: 0.2ms)


Started PATCH "/microposts/2" for 127.0.0.1 at 2014-12-20 20:58:41 -0800
Processing by MicropostsController#update as HTML
  Parameters: {"utf8"=>"✓", "authenticity_token"=>"eA1XInd3qdqBRAb5INnXq8VpZVZg9wTyZ/v4EnyLazxw4DV7s80KQMTLUtbnUI6K7bjLs23RK+ZVf37mHAIqXw==", "micropost"=>{"content"=>"Spiveysdfhashd;fkadsjfk;ajsdkfjak;sjdfak;sdjf;kjaks;dfjk;asjdfk;jaks;jfd;kaksfdjak;sjdf;kajsk;fdjaks;fkasdkfja;ksdjf;kajsk;fdjaks;dfja;ksdjf;kajsd;fkajsd;kfjakdjsk;fjak;lsdjfkl;ajsd;klfjakl;sjdk;fjas;lkdjfk;lajsdkl;fjakls;djfl;kasjd;fasdjfkasjdk;fljasl;kjvkl;asjdfkljaskdfjaklsdjf;", "user_id"=>"1"}, "commit"=>"Update Micropost", "id"=>"2"}
  [1m[36mMicropost Load (0.1ms)[0m  [1mSELECT  "microposts".* FROM "microposts" WHERE "microposts"."id" = ? LIMIT 1[0m  [["id", 2]]
  [1m[35m (0.1ms)[0m  begin transaction
  [1m[36mSQL (0.3ms)[0m  [1mUPDATE "microposts" SET "content" = ?, "updated_at" = ? WHERE "microposts"."id" = ?[0m  [["content", "Spiveysdfhashd;fkadsjfk;ajsdkfjak;sjdfak;sdjf;kjaks;dfjk;asjdfk;jaks;jfd;kaksfdjak;sjdf;kajsk;fdjaks;fkasdkfja;ksdjf;kajsk;fdjaks;dfja;ksdjf;kajsd;fkajsd;kfjakdjsk;fjak;lsdjfkl;ajsd;klfjakl;sjdk;fjas;lkdjfk;lajsdkl;fjakls;djfl;kasjd;fasdjfkasjdk;fljasl;kjvkl;asjdfkljaskdfjaklsdjf;"], ["updated_at", "2014-12-21 04:58:41.671498"], ["id", 2]]
  [1m[35m (1.6ms)[0m  commit transaction
Redirected to http://127.0.0.1:3000/microposts/2
Completed 302 Found in 6ms (ActiveRecord: 2.1ms)


Started GET "/microposts/2" for 127.0.0.1 at 2014-12-20 20:58:41 -0800
Processing by MicropostsController#show as HTML
  Parameters: {"id"=>"2"}
  [1m[36mMicropost Load (0.1ms)[0m  [1mSELECT  "microposts".* FROM "microposts" WHERE "microposts"."id" = ? LIMIT 1[0m  [["id", 2]]
  Rendered microposts/show.html.erb within layouts/application (0.7ms)
Completed 200 OK in 153ms (Views: 152.3ms | ActiveRecord: 0.1ms)


Started GET "/assets/microposts-069e88c06b889877799890854d7f4c40.css?body=1" for 127.0.0.1 at 2014-12-20 20:58:41 -0800


Started GET "/assets/scaffolds-bc9b4389499bcb5a004f7bd04a660c0e.css?body=1" for 127.0.0.1 at 2014-12-20 20:58:41 -0800


Started GET "/assets/application-ac607368be27d92110998de5c9687dbe.css?body=1" for 127.0.0.1 at 2014-12-20 20:58:41 -0800


Started GET "/assets/users-069e88c06b889877799890854d7f4c40.css?body=1" for 127.0.0.1 at 2014-12-20 20:58:41 -0800


Started GET "/assets/jquery-ea2706bc2d0586731b7c00ec2cd0a414.js?body=1" for 127.0.0.1 at 2014-12-20 20:58:41 -0800


Started GET "/assets/jquery_ujs-29277b946c1d3754af13672bfec0c660.js?body=1" for 127.0.0.1 at 2014-12-20 20:58:41 -0800


Started GET "/assets/turbolinks-3a7cdb8630f3e86770867bd488a098e0.js?body=1" for 127.0.0.1 at 2014-12-20 20:58:41 -0800


Started GET "/assets/microposts-8f6eecd1178ef85964369ec66d33c4f1.js?body=1" for 127.0.0.1 at 2014-12-20 20:58:41 -0800


Started GET "/assets/users-8f6eecd1178ef85964369ec66d33c4f1.js?body=1" for 127.0.0.1 at 2014-12-20 20:58:41 -0800


Started GET "/assets/application-f654761ee6a5c52b970be60a1e79500a.js?body=1" for 127.0.0.1 at 2014-12-20 20:58:41 -0800


Started GET "/microposts/2/edit" for 127.0.0.1 at 2014-12-20 20:58:48 -0800
Processing by MicropostsController#edit as HTML
  Parameters: {"id"=>"2"}
  [1m[35mMicropost Load (0.1ms)[0m  SELECT  "microposts".* FROM "microposts" WHERE "microposts"."id" = ? LIMIT 1  [["id", 2]]
  Rendered microposts/_form.html.erb (1.8ms)
  Rendered microposts/edit.html.erb within layouts/application (3.1ms)
Completed 200 OK in 78ms (Views: 76.6ms | ActiveRecord: 0.1ms)


Started GET "/microposts" for 127.0.0.1 at 2014-12-20 20:58:50 -0800
Processing by MicropostsController#index as HTML
  [1m[36mMicropost Load (0.2ms)[0m  [1mSELECT "microposts".* FROM "microposts"[0m
  Rendered microposts/index.html.erb within layouts/application (1.6ms)
Completed 200 OK in 136ms (Views: 135.0ms | ActiveRecord: 0.2ms)


Started GET "/microposts/2" for 127.0.0.1 at 2014-12-20 20:58:53 -0800
Processing by MicropostsController#show as HTML
  Parameters: {"id"=>"2"}
  [1m[35mMicropost Load (0.2ms)[0m  SELECT  "microposts".* FROM "microposts" WHERE "microposts"."id" = ? LIMIT 1  [["id", 2]]
  Rendered microposts/show.html.erb within layouts/application (0.9ms)
Completed 200 OK in 133ms (Views: 131.8ms | ActiveRecord: 0.2ms)


Started GET "/microposts" for 127.0.0.1 at 2014-12-20 20:58:54 -0800
Processing by MicropostsController#index as HTML
  [1m[36mMicropost Load (0.2ms)[0m  [1mSELECT "microposts".* FROM "microposts"[0m
  Rendered microposts/index.html.erb within layouts/application (2.2ms)
Completed 200 OK in 82ms (Views: 81.2ms | ActiveRecord: 0.2ms)


Started DELETE "/microposts/2" for 127.0.0.1 at 2014-12-20 20:59:02 -0800
Processing by MicropostsController#destroy as HTML
  Parameters: {"authenticity_token"=>"/i9UFcauGRP66+2xdCksEok0qIC+dAGZH9izQVr7MKX2wjZMAhS6ib9kuZ6zoHUzoeUGZbNSLo0tXDW1OnJxxg==", "id"=>"2"}
  [1m[35mMicropost Load (0.2ms)[0m  SELECT  "microposts".* FROM "microposts" WHERE "microposts"."id" = ? LIMIT 1  [["id", 2]]
  [1m[36m (0.1ms)[0m  [1mbegin transaction[0m
  [1m[35mSQL (0.4ms)[0m  DELETE FROM "microposts" WHERE "microposts"."id" = ?  [["id", 2]]
  [1m[36m (1.4ms)[0m  [1mcommit transaction[0m
Redirected to http://127.0.0.1:3000/microposts
Completed 302 Found in 5ms (ActiveRecord: 2.0ms)


Started GET "/microposts" for 127.0.0.1 at 2014-12-20 20:59:02 -0800
Processing by MicropostsController#index as HTML
  [1m[35mMicropost Load (0.2ms)[0m  SELECT "microposts".* FROM "microposts"
  Rendered microposts/index.html.erb within layouts/application (1.1ms)
Completed 200 OK in 135ms (Views: 133.7ms | ActiveRecord: 0.2ms)


Started GET "/assets/microposts-069e88c06b889877799890854d7f4c40.css?body=1" for 127.0.0.1 at 2014-12-20 20:59:02 -0800


Started GET "/assets/users-069e88c06b889877799890854d7f4c40.css?body=1" for 127.0.0.1 at 2014-12-20 20:59:02 -0800


Started GET "/assets/jquery_ujs-29277b946c1d3754af13672bfec0c660.js?body=1" for 127.0.0.1 at 2014-12-20 20:59:02 -0800


Started GET "/assets/application-ac607368be27d92110998de5c9687dbe.css?body=1" for 127.0.0.1 at 2014-12-20 20:59:02 -0800


Started GET "/assets/jquery-ea2706bc2d0586731b7c00ec2cd0a414.js?body=1" for 127.0.0.1 at 2014-12-20 20:59:02 -0800


Started GET "/assets/scaffolds-bc9b4389499bcb5a004f7bd04a660c0e.css?body=1" for 127.0.0.1 at 2014-12-20 20:59:02 -0800


Started GET "/assets/turbolinks-3a7cdb8630f3e86770867bd488a098e0.js?body=1" for 127.0.0.1 at 2014-12-20 20:59:02 -0800


Started GET "/assets/microposts-8f6eecd1178ef85964369ec66d33c4f1.js?body=1" for 127.0.0.1 at 2014-12-20 20:59:02 -0800


Started GET "/assets/users-8f6eecd1178ef85964369ec66d33c4f1.js?body=1" for 127.0.0.1 at 2014-12-20 20:59:02 -0800


Started GET "/assets/application-f654761ee6a5c52b970be60a1e79500a.js?body=1" for 127.0.0.1 at 2014-12-20 20:59:02 -0800


Started GET "/microposts" for 127.0.0.1 at 2014-12-20 21:10:59 -0800
Processing by MicropostsController#index as HTML
  [1m[36mMicropost Load (0.3ms)[0m  [1mSELECT "microposts".* FROM "microposts"[0m
  Rendered microposts/index.html.erb within layouts/application (6.4ms)
Completed 200 OK in 207ms (Views: 139.4ms | ActiveRecord: 0.7ms)


Started GET "/assets/microposts-069e88c06b889877799890854d7f4c40.css?body=1" for 127.0.0.1 at 2014-12-20 21:11:00 -0800


Started GET "/assets/users-069e88c06b889877799890854d7f4c40.css?body=1" for 127.0.0.1 at 2014-12-20 21:11:00 -0800


Started GET "/assets/scaffolds-bc9b4389499bcb5a004f7bd04a660c0e.css?body=1" for 127.0.0.1 at 2014-12-20 21:11:00 -0800


Started GET "/assets/application-ac607368be27d92110998de5c9687dbe.css?body=1" for 127.0.0.1 at 2014-12-20 21:11:00 -0800


Started GET "/assets/jquery_ujs-29277b946c1d3754af13672bfec0c660.js?body=1" for 127.0.0.1 at 2014-12-20 21:11:00 -0800


Started GET "/assets/jquery-ea2706bc2d0586731b7c00ec2cd0a414.js?body=1" for 127.0.0.1 at 2014-12-20 21:11:00 -0800


Started GET "/assets/turbolinks-3a7cdb8630f3e86770867bd488a098e0.js?body=1" for 127.0.0.1 at 2014-12-20 21:11:00 -0800


Started GET "/assets/microposts-8f6eecd1178ef85964369ec66d33c4f1.js?body=1" for 127.0.0.1 at 2014-12-20 21:11:00 -0800


Started GET "/assets/users-8f6eecd1178ef85964369ec66d33c4f1.js?body=1" for 127.0.0.1 at 2014-12-20 21:11:00 -0800


Started GET "/assets/application-f654761ee6a5c52b970be60a1e79500a.js?body=1" for 127.0.0.1 at 2014-12-20 21:11:00 -0800
  [1m[36mUser Load (0.3ms)[0m  [1mSELECT  "users".* FROM "users"  ORDER BY "users"."id" ASC LIMIT 1[0m
  [1m[35mUser Load (0.3ms)[0m  SELECT  "users".* FROM "users"  ORDER BY "users"."id" ASC LIMIT 1 OFFSET 1


Started GET "/microposts" for 127.0.0.1 at 2014-12-20 21:13:53 -0800
Processing by MicropostsController#index as HTML
  [1m[35mMicropost Load (0.2ms)[0m  SELECT "microposts".* FROM "microposts"
  Rendered microposts/index.html.erb within layouts/application (1.2ms)
Completed 200 OK in 137ms (Views: 135.7ms | ActiveRecord: 0.2ms)


Started GET "/assets/microposts-069e88c06b889877799890854d7f4c40.css?body=1" for 127.0.0.1 at 2014-12-20 21:13:53 -0800


Started GET "/assets/scaffolds-bc9b4389499bcb5a004f7bd04a660c0e.css?body=1" for 127.0.0.1 at 2014-12-20 21:13:53 -0800


Started GET "/assets/users-069e88c06b889877799890854d7f4c40.css?body=1" for 127.0.0.1 at 2014-12-20 21:13:53 -0800


Started GET "/assets/jquery-ea2706bc2d0586731b7c00ec2cd0a414.js?body=1" for 127.0.0.1 at 2014-12-20 21:13:53 -0800


Started GET "/assets/application-ac607368be27d92110998de5c9687dbe.css?body=1" for 127.0.0.1 at 2014-12-20 21:13:53 -0800


Started GET "/assets/jquery_ujs-29277b946c1d3754af13672bfec0c660.js?body=1" for 127.0.0.1 at 2014-12-20 21:13:53 -0800


Started GET "/assets/turbolinks-3a7cdb8630f3e86770867bd488a098e0.js?body=1" for 127.0.0.1 at 2014-12-20 21:13:53 -0800


Started GET "/assets/microposts-8f6eecd1178ef85964369ec66d33c4f1.js?body=1" for 127.0.0.1 at 2014-12-20 21:13:53 -0800


Started GET "/assets/users-8f6eecd1178ef85964369ec66d33c4f1.js?body=1" for 127.0.0.1 at 2014-12-20 21:13:53 -0800


Started GET "/assets/application-f654761ee6a5c52b970be60a1e79500a.js?body=1" for 127.0.0.1 at 2014-12-20 21:13:53 -0800


Started GET "/microposts/3" for 127.0.0.1 at 2014-12-20 21:14:50 -0800
Processing by MicropostsController#show as HTML
  Parameters: {"id"=>"3"}
  [1m[36mMicropost Load (0.3ms)[0m  [1mSELECT  "microposts".* FROM "microposts" WHERE "microposts"."id" = ? LIMIT 1[0m  [["id", 3]]
  Rendered microposts/show.html.erb within layouts/application (0.4ms)
Completed 200 OK in 84ms (Views: 81.6ms | ActiveRecord: 0.3ms)


Started GET "/microposts" for 127.0.0.1 at 2014-12-20 21:14:52 -0800
Processing by MicropostsController#index as HTML
  [1m[35mMicropost Load (0.1ms)[0m  SELECT "microposts".* FROM "microposts"
  Rendered microposts/index.html.erb within layouts/application (1.1ms)
Completed 200 OK in 126ms (Views: 125.7ms | ActiveRecord: 0.1ms)


Started GET "/microposts/3/edit" for 127.0.0.1 at 2014-12-20 21:14:53 -0800
Processing by MicropostsController#edit as HTML
  Parameters: {"id"=>"3"}
  [1m[36mMicropost Load (0.1ms)[0m  [1mSELECT  "microposts".* FROM "microposts" WHERE "microposts"."id" = ? LIMIT 1[0m  [["id", 3]]
  Rendered microposts/_form.html.erb (1.9ms)
  Rendered microposts/edit.html.erb within layouts/application (3.5ms)
Completed 200 OK in 84ms (Views: 83.3ms | ActiveRecord: 0.1ms)


Started PATCH "/microposts/3" for 127.0.0.1 at 2014-12-20 21:14:56 -0800
Processing by MicropostsController#update as HTML
  Parameters: {"utf8"=>"✓", "authenticity_token"=>"X+mJwp3amcjvuBfXJ+dsMiPB6mDQ3t1b4imaXXfBAUVXBOubWWA6Uqo3Q/jgbjUTCxBEhd348k/QrRypF0hAJg==", "micropost"=>{"content"=>"Henry", "user_id"=>"1"}, "commit"=>"Update Micropost", "id"=>"3"}
  [1m[35mMicropost Load (0.1ms)[0m  SELECT  "microposts".* FROM "microposts" WHERE "microposts"."id" = ? LIMIT 1  [["id", 3]]
  [1m[36m (0.1ms)[0m  [1mbegin transaction[0m
  [1m[35mSQL (0.3ms)[0m  UPDATE "microposts" SET "user_id" = ?, "updated_at" = ? WHERE "microposts"."id" = ?  [["user_id", 1], ["updated_at", "2014-12-21 05:14:56.716140"], ["id", 3]]
  [1m[36m (1.5ms)[0m  [1mcommit transaction[0m
Redirected to http://127.0.0.1:3000/microposts/3
Completed 302 Found in 6ms (ActiveRecord: 2.0ms)


Started GET "/microposts/3" for 127.0.0.1 at 2014-12-20 21:14:56 -0800
Processing by MicropostsController#show as HTML
  Parameters: {"id"=>"3"}
  [1m[35mMicropost Load (0.2ms)[0m  SELECT  "microposts".* FROM "microposts" WHERE "microposts"."id" = ? LIMIT 1  [["id", 3]]
  Rendered microposts/show.html.erb within layouts/application (0.3ms)
Completed 200 OK in 129ms (Views: 127.2ms | ActiveRecord: 0.2ms)


Started GET "/assets/microposts-069e88c06b889877799890854d7f4c40.css?body=1" for 127.0.0.1 at 2014-12-20 21:14:56 -0800


Started GET "/assets/scaffolds-bc9b4389499bcb5a004f7bd04a660c0e.css?body=1" for 127.0.0.1 at 2014-12-20 21:14:56 -0800


Started GET "/assets/users-069e88c06b889877799890854d7f4c40.css?body=1" for 127.0.0.1 at 2014-12-20 21:14:56 -0800


Started GET "/assets/application-ac607368be27d92110998de5c9687dbe.css?body=1" for 127.0.0.1 at 2014-12-20 21:14:56 -0800


Started GET "/assets/jquery-ea2706bc2d0586731b7c00ec2cd0a414.js?body=1" for 127.0.0.1 at 2014-12-20 21:14:56 -0800


Started GET "/assets/jquery_ujs-29277b946c1d3754af13672bfec0c660.js?body=1" for 127.0.0.1 at 2014-12-20 21:14:56 -0800


Started GET "/assets/microposts-8f6eecd1178ef85964369ec66d33c4f1.js?body=1" for 127.0.0.1 at 2014-12-20 21:14:56 -0800


Started GET "/assets/turbolinks-3a7cdb8630f3e86770867bd488a098e0.js?body=1" for 127.0.0.1 at 2014-12-20 21:14:56 -0800


Started GET "/assets/users-8f6eecd1178ef85964369ec66d33c4f1.js?body=1" for 127.0.0.1 at 2014-12-20 21:14:56 -0800


Started GET "/assets/application-f654761ee6a5c52b970be60a1e79500a.js?body=1" for 127.0.0.1 at 2014-12-20 21:14:56 -0800
  [1m[36mUser Load (0.4ms)[0m  [1mSELECT  "users".* FROM "users"  ORDER BY "users"."id" ASC LIMIT 1[0m
  [1m[36mActiveRecord::SchemaMigration Load (0.1ms)[0m  [1mSELECT "schema_migrations".* FROM "schema_migrations"[0m
  [1m[35mActiveRecord::SchemaMigration Load (0.1ms)[0m  SELECT "schema_migrations".* FROM "schema_migrations"
